    OpenRGB v0.9+ (1.0rc2)
    Commit:  from 
    Launched: 20260309_181412
====================================================================================================

0     |Info:    [ProfileManager] Found file: sssijue.orp attempting to validate header
0     |Info:    [ProfileManager] Valid v5 profile found for sssijue
53    |Info:    [ResourceManager] Initializing HID interfaces: Success
53    |Info:    ------------------------------------------------------
53    |Info:    |               Start device detection               |
53    |Info:    ------------------------------------------------------
66    |Info:    ------------------------------------------------------
66    |Info:    |             Detecting I2C interfaces               |
66    |Info:    ------------------------------------------------------
66    |Info:    [ResourceManager] Registering I2C interface: /dev/i2c-3 Device 1002:744C Subsystem: 1002:0E3B
67    |Info:    [ResourceManager] Registering I2C interface: /dev/i2c-20 Device 1022:790B Subsystem: 1462:7D78
67    |Warning: [i2c_smbus_linux] Failed to read i2c device PCI device ID
67    |Info:    [ResourceManager] Registering I2C interface: /dev/i2c-10 Device 0000:0000 Subsystem: 0000:0000
67    |Info:    [ResourceManager] Registering I2C interface: /dev/i2c-1 Device 1002:7444 Subsystem: 1002:0408
67    |Info:    [ResourceManager] Registering I2C interface: /dev/i2c-19 Device 1022:790B Subsystem: 1462:7D78
67    |Warning: [i2c_smbus_linux] Failed to read i2c device PCI device ID
67    |Info:    [ResourceManager] Registering I2C interface: /dev/i2c-17 Device 0000:0000 Subsystem: 0000:0000
67    |Warning: [i2c_smbus_linux] Failed to read i2c device PCI device ID
67    |Info:    [ResourceManager] Registering I2C interface: /dev/i2c-8 Device 0000:0000 Subsystem: 0000:0000
67    |Warning: [i2c_smbus_linux] Failed to read i2c device PCI device ID
67    |Info:    [ResourceManager] Registering I2C interface: /dev/i2c-15 Device 0000:0000 Subsystem: 0000:0000
67    |Info:    [ResourceManager] Registering I2C interface: /dev/i2c-6 Device 1002:744C Subsystem: 1002:0E3B
67    |Info:    [ResourceManager] Registering I2C interface: /dev/i2c-13 Device 1002:164E Subsystem: 1462:7D78
67    |Info:    [ResourceManager] Registering I2C interface: /dev/i2c-4 Device 1002:744C Subsystem: 1002:0E3B
67    |Info:    [ResourceManager] Registering I2C interface: /dev/i2c-11 Device 1002:164E Subsystem: 1462:7D78
67    |Info:    [ResourceManager] Registering I2C interface: /dev/i2c-2 Device 1002:744C Subsystem: 1002:0E3B
67    |Info:    [ResourceManager] Registering I2C interface: /dev/i2c-0 Device 0000:0000 Subsystem: 0000:0000
67    |Info:    [ResourceManager] Registering I2C interface: /dev/i2c-18 Device 1022:790B Subsystem: 1462:7D78
67    |Warning: [i2c_smbus_linux] Failed to read i2c device PCI device ID
67    |Info:    [ResourceManager] Registering I2C interface: /dev/i2c-9 Device 0000:0000 Subsystem: 0000:0000
67    |Warning: [i2c_smbus_linux] Failed to read i2c device PCI device ID
67    |Info:    [ResourceManager] Registering I2C interface: /dev/i2c-16 Device 0000:0000 Subsystem: 0000:0000
67    |Info:    [ResourceManager] Registering I2C interface: /dev/i2c-7 Device 1002:744C Subsystem: 1002:0E3B
68    |Info:    [ResourceManager] Registering I2C interface: /dev/i2c-14 Device 1002:164E Subsystem: 1462:7D78
68    |Info:    [ResourceManager] Registering I2C interface: /dev/i2c-5 Device 1002:744C Subsystem: 1002:0E3B
68    |Info:    [ResourceManager] Registering I2C interface: /dev/i2c-12 Device 1002:164E Subsystem: 1462:7D78
68    |Info:    ------------------------------------------------------
68    |Info:    |               Detecting I2C devices                |
68    |Info:    ------------------------------------------------------
1073  |Info:    ------------------------------------------------------
1073  |Info:    |            Detecting I2C DIMM modules              |
1073  |Info:    ------------------------------------------------------
2093  |Info:    [ResourceManager] Detected occupied slot 2, bus 14, type DDR5
3035  |Info:    [ResourceManager] Detected occupied slot 4, bus 14, type DDR5
3053  |Info:    ------------------------------------------------------
3053  |Info:    |               Detecting I2C PCI devices            |
3053  |Info:    ------------------------------------------------------
3054  |Info:    ------------------------------------------------------
3054  |Info:    |               Detecting HID devices                |
3054  |Info:    ------------------------------------------------------
3151  |Info:    [KLM] Created new Full 104 key ISO QWERTY with 6 rows and 21 columns containing 105 keys
3151  |Info:    [Razer Blackwidow V4 X] Registering RGB controller
3224  |Info:    [MSI PRO B650-VC WIFI (MS-7D78)] Registering RGB controller
3257  |Info:    [Razer Firefly V2] Registering RGB controller
3257  |Info:    ------------------------------------------------------
3257  |Info:    |            Detecting libusb HID devices            |
3257  |Info:    ------------------------------------------------------
3475  |Info:    ------------------------------------------------------
3475  |Info:    |              Detecting other devices               |
3475  |Info:    ------------------------------------------------------
3496  |Info:    [ResourceManager] Calling Post-detection callbacks
3496  |Info:    ------------------------------------------------------
3496  |Info:    |                Detection completed                 |
3496  |Info:    ------------------------------------------------------
